<?xml version="1.0" encoding="UTF-8"?>
<testsuites>
  <testsuite name="BackstopJS" tests="1" failures="0" errors="0" skipped="0">
    <testcase classname="document" name=" ›› yamain"/>
  </testsuite>
  <testsuite name="BackstopJS" tests="1" failures="0" errors="0" skipped="0">
    <testcase classname="document" name=" ›› yamain"/>
  </testsuite>
  <testsuite name="BackstopJS" tests="1" failures="1" errors="1" skipped="0">
    <testcase classname="" name=" ›› yamain">
      <failure message="Design deviation ›› yamain () component"/>
      <error message="Design deviation ›› yamain () component"/>
    </testcase>
  </testsuite>
  <testsuite name="BackstopJS" tests="1" failures="1" errors="1" skipped="0">
    <testcase classname="document" name=" ›› yamain">
      <failure message="Design deviation ›› yamain (document) component"/>
      <error message="Design deviation ›› yamain (document) component"/>
    </testcase>
  </testsuite>
  <testsuite name="BackstopJS" tests="1" failures="0" errors="0" skipped="0">
    <testcase classname="document" name=" ›› yamain"/>
  </testsuite>
</testsuites>